<?xml version="1.0" encoding="UTF-8"?>
<!-- Generated by org.testng.reporters.JUnitXMLReporter -->
<testsuite ignored="0" hostname="LAPTOP-DG6GPILH" failures="0" tests="3" name="Default test" time="0.054" errors="0" timestamp="2021-11-03T21:16:14 IST">
  <testcase classname="Selenium2" name="BTest" time="0.008"/>
  <testcase classname="Selenium2" name="SecondThirdndTest" time="0.001"/>
  <testcase classname="Selenium2" name="callmethodoverloading" time="0.003"/>
</testsuite> <!-- Default test -->
