<?xml version="1.0" encoding="UTF-8"?>
<testng-results ignored="0" total="3" passed="3" failed="0" skipped="0">
  <reporter-output>
  </reporter-output>
  <suite started-at="2021-11-03T21:16:13 IST" name="Default suite" finished-at="2021-11-03T21:16:14 IST" duration-ms="54">
    <groups>
    </groups>
    <test started-at="2021-11-03T21:16:13 IST" name="Default test" finished-at="2021-11-03T21:16:14 IST" duration-ms="54">
      <class name="Selenium2">
        <test-method signature="BTest()[pri:0, instance:Selenium2@3e6ef8ad]" started-at="2021-11-03T21:16:14 IST" name="BTest" finished-at="2021-11-03T21:16:14 IST" duration-ms="8" status="PASS">
          <reporter-output>
          </reporter-output>
        </test-method> <!-- BTest -->
        <test-method signature="SecondThirdndTest()[pri:0, instance:Selenium2@3e6ef8ad]" started-at="2021-11-03T21:16:14 IST" name="SecondThirdndTest" finished-at="2021-11-03T21:16:14 IST" duration-ms="1" status="PASS">
          <reporter-output>
          </reporter-output>
        </test-method> <!-- SecondThirdndTest -->
        <test-method signature="callmethodoverloading()[pri:0, instance:Selenium2@3e6ef8ad]" started-at="2021-11-03T21:16:14 IST" name="callmethodoverloading" finished-at="2021-11-03T21:16:14 IST" duration-ms="3" status="PASS">
          <reporter-output>
          </reporter-output>
        </test-method> <!-- callmethodoverloading -->
      </class> <!-- Selenium2 -->
    </test> <!-- Default test -->
  </suite> <!-- Default suite -->
</testng-results>
