<?xml version="1.0" encoding="UTF-8"?>
<testng-results ignored="0" total="2" passed="2" failed="0" skipped="0">
  <reporter-output>
  </reporter-output>
  <suite started-at="2021-07-25T20:41:24 IST" name="Default suite" finished-at="2021-07-25T20:41:59 IST" duration-ms="34121">
    <groups>
    </groups>
    <test started-at="2021-07-25T20:41:24 IST" name="Default test" finished-at="2021-07-25T20:41:59 IST" duration-ms="34121">
      <class name="Selenium2">
        <test-method is-config="true" signature="selenium1()[pri:0, instance:Selenium2@14555e0a]" started-at="2021-07-25T20:41:24 IST" name="selenium1" finished-at="2021-07-25T20:41:26 IST" duration-ms="1839" status="PASS">
          <reporter-output>
          </reporter-output>
        </test-method> <!-- selenium1 -->
        <test-method signature="openbrowser()[pri:0, instance:Selenium2@14555e0a]" started-at="2021-07-25T20:41:26 IST" name="openbrowser" finished-at="2021-07-25T20:41:33 IST" duration-ms="6540" status="PASS">
          <reporter-output>
          </reporter-output>
        </test-method> <!-- openbrowser -->
        <test-method signature="main()[pri:0, instance:Selenium2@14555e0a]" started-at="2021-07-25T20:41:33 IST" name="main" finished-at="2021-07-25T20:41:59 IST" duration-ms="25708" status="PASS">
          <reporter-output>
          </reporter-output>
        </test-method> <!-- main -->
      </class> <!-- Selenium2 -->
    </test> <!-- Default test -->
  </suite> <!-- Default suite -->
</testng-results>
